<?xml version="1.0" encoding="UTF-8"?>
<!-- Generated by org.testng.reporters.JUnitXMLReporter -->
<testsuite ignored="2" hostname="LAPTOP-6EUUVVQ8" failures="0" tests="6" name="Test" time="0.049" errors="0" timestamp="2024-10-03T18:58:13 IST">
  <testcase classname="session44.SignUpMeth" name="signUpByEmail" time="0.008"/>
  <testcase classname="session44.SignUpMeth" name="signUpByFaceBook" time="0.001"/>
  <testcase classname="session44.SignUpMeth" name="signUpByTwitter" time="0.002"/>
  <testcase classname="session44.loginMeth" name="loginByEmail" time="0.002"/>
  <testcase classname="session44.loginMeth" name="loginByFaceBook" time="0.001"/>
  <testcase classname="session44.loginMeth" name="loginByTwitter" time="0.001"/>
  <testcase classname="session44.PaymentMeth" name="PaymentByFaceBook" time="0.0">
    <ignored/>
  </testcase> <!-- PaymentByFaceBook -->
  <testcase classname="session44.PaymentMeth" name="PaymentByTwitter" time="0.0">
    <ignored/>
  </testcase> <!-- PaymentByTwitter -->
</testsuite> <!-- Test -->
